<?xml version="1.0" encoding="UTF-8"?>
<!-- Generated by org.testng.reporters.JUnitReportReporter -->
<testsuite skipped="0" hostname="DESKTOP-K1VIJ2U" name="com.demo.MultipleData" tests="1" failures="0" timestamp="27 Oct 2018 02:48:58 GMT" time="5.404" errors="0">
  <testcase name="test1_service" time="5.404" classname="com.demo.MultipleData"/>
</testsuite> <!-- com.demo.MultipleData -->
