<?xml version="1.0" encoding="UTF-8"?>
<!-- Generated by org.testng.reporters.JUnitReportReporter -->
<testsuite skipped="0" hostname="DESKTOP-K1VIJ2U" name="com.demo.Test1_BasicFeatures" tests="3" failures="0" timestamp="27 Oct 2018 02:45:51 GMT" time="10.328" errors="0">
  <testcase name="testHasItemFunction" time="2.024" classname="com.demo.Test1_BasicFeatures"/>
  <testcase name="testEqualToFunction" time="6.266" classname="com.demo.Test1_BasicFeatures"/>
  <testcase name="testStatusCode" time="2.038" classname="com.demo.Test1_BasicFeatures"/>
</testsuite> <!-- com.demo.Test1_BasicFeatures -->
