<?xml version="1.0" encoding="UTF-8"?>
<!-- Generated by org.testng.reporters.JUnitReportReporter -->
<testsuite skipped="0" hostname="DESKTOP-K1VIJ2U" name="com.demo.RestForSoap" tests="1" failures="0" timestamp="23 Sep 2018 09:52:55 GMT" time="4.872" errors="0">
  <testcase name="test_soapService1" time="4.872" classname="com.demo.RestForSoap"/>
</testsuite> <!-- com.demo.RestForSoap -->
